# JRE version: Java(TM) SE Runtime Environment (19.0.1+10) (build 19.0.1+10-21)
# Java VM: Java HotSpot(TM) 64-Bit Server VM (19.0.1+10-21, mixed mode, sharing, tiered, compressed oops, compressed class ptrs, g1 gc, windows-amd64)
GC Precious Log:
 CardTable entry size: 512
 Card Set container configuration: InlinePtr #cards 5 size 8 Array Of Cards #cards 12 size 40 Howl #buckets 4 coarsen threshold 1843 Howl Bitmap #cards 512 size 80 coarsen threshold 460 Card regions per heap region 1 cards per card region 2048
 CPUs: 8 total, 8 available
 Memory: 8072M
 Large Page Support: Disabled
 NUMA Support: Disabled
 Compressed Oops: Enabled (32-bit)
 Heap Region Size: 1M
 Heap Min Capacity: 8M
 Heap Initial Capacity: 128M
 Heap Max Capacity: 2020M
 Pre-touch: Disabled
 Parallel Workers: 8
 Concurrent Workers: 2
 Concurrent Refinement Workers: 8
 Periodic GC: Disabled
Heap:
 garbage-first heap   total 516096K, used 195785K [0x0000000081c00000, 0x0000000100000000)
  region size 1024K, 56 young (57344K), 5 survivors (5120K)
 Metaspace       used 15578K, committed 15808K, reserved 1114112K
  class space    used 1723K, committed 1856K, reserved 1048576K
GC Heap History (20 events):
Event: 1.727 GC heap before
{Heap before GC invocations=2 (full 0):
 garbage-first heap   total 131072K, used 64512K [0x0000000081c00000, 0x0000000100000000)
  region size 1024K, 28 young (28672K), 4 survivors (4096K)
 Metaspace       used 7465K, committed 7616K, reserved 1114112K
  class space    used 775K, committed 832K, reserved 1048576K
}
Event: 1.759 GC heap after
{Heap after GC invocations=3 (full 0):
 garbage-first heap   total 131072K, used 65024K [0x0000000081c00000, 0x0000000100000000)
  region size 1024K, 4 young (4096K), 4 survivors (4096K)
 Metaspace       used 7465K, committed 7616K, reserved 1114112K
  class space    used 775K, committed 832K, reserved 1048576K
}
Event: 1.844 GC heap before
{Heap before GC invocations=3 (full 0):
 garbage-first heap   total 131072K, used 81408K [0x0000000081c00000, 0x0000000100000000)
  region size 1024K, 20 young (20480K), 4 survivors (4096K)
 Metaspace       used 7465K, committed 7616K, reserved 1114112K
  class space    used 775K, committed 832K, reserved 1048576K
}
Event: 1.876 GC heap after
{Heap after GC invocations=4 (full 0):
 garbage-first heap   total 131072K, used 81920K [0x0000000081c00000, 0x0000000100000000)
  region size 1024K, 3 young (3072K), 3 survivors (3072K)
 Metaspace       used 7465K, committed 7616K, reserved 1114112K
  class space    used 775K, committed 832K, reserved 1048576K
}
Event: 1.937 GC heap before
{Heap before GC invocations=4 (full 0):
 garbage-first heap   total 131072K, used 92160K [0x0000000081c00000, 0x0000000100000000)
  region size 1024K, 13 young (13312K), 3 survivors (3072K)
 Metaspace       used 7465K, committed 7616K, reserved 1114112K
  class space    used 775K, committed 832K, reserved 1048576K
}
Event: 1.959 GC heap after
{Heap after GC invocations=5 (full 0):
 garbage-first heap   total 270336K, used 93184K [0x0000000081c00000, 0x0000000100000000)
  region size 1024K, 2 young (2048K), 2 survivors (2048K)
 Metaspace       used 7465K, committed 7616K, reserved 1114112K
  class space    used 775K, committed 832K, reserved 1048576K
}
Event: 2.080 GC heap before
{Heap before GC invocations=6 (full 0):
 garbage-first heap   total 270336K, used 126976K [0x0000000081c00000, 0x0000000100000000)
  region size 1024K, 35 young (35840K), 2 survivors (2048K)
 Metaspace       used 7465K, committed 7616K, reserved 1114112K
  class space    used 775K, committed 832K, reserved 1048576K
}
Event: 2.107 GC heap after
{Heap after GC invocations=7 (full 0):
 garbage-first heap   total 270336K, used 127406K [0x0000000081c00000, 0x0000000100000000)
  region size 1024K, 5 young (5120K), 5 survivors (5120K)
 Metaspace       used 7465K, committed 7616K, reserved 1114112K
  class space    used 775K, committed 832K, reserved 1048576K
}
Event: 2.132 GC heap before
{Heap before GC invocations=7 (full 0):
 garbage-first heap   total 270336K, used 135598K [0x0000000081c00000, 0x0000000100000000)
  region size 1024K, 13 young (13312K), 5 survivors (5120K)
 Metaspace       used 7465K, committed 7616K, reserved 1114112K
  class space    used 775K, committed 832K, reserved 1048576K
}
Event: 2.146 GC heap after
{Heap after GC invocations=8 (full 0):
 garbage-first heap   total 270336K, used 136192K [0x0000000081c00000, 0x0000000100000000)
  region size 1024K, 2 young (2048K), 2 survivors (2048K)
 Metaspace       used 7465K, committed 7616K, reserved 1114112K
  class space    used 775K, committed 832K, reserved 1048576K
}
Event: 2.440 GC heap before
{Heap before GC invocations=8 (full 0):
 garbage-first heap   total 270336K, used 168960K [0x0000000081c00000, 0x0000000100000000)
  region size 1024K, 34 young (34816K), 2 survivors (2048K)
 Metaspace       used 8035K, committed 8256K, reserved 1114112K
  class space    used 818K, committed 896K, reserved 1048576K
}
Event: 2.466 GC heap after
{Heap after GC invocations=9 (full 0):
 garbage-first heap   total 270336K, used 163328K [0x0000000081c00000, 0x0000000100000000)
  region size 1024K, 5 young (5120K), 5 survivors (5120K)
 Metaspace       used 8035K, committed 8256K, reserved 1114112K
  class space    used 818K, committed 896K, reserved 1048576K
}
Event: 2.759 GC heap before
{Heap before GC invocations=9 (full 0):
 garbage-first heap   total 301056K, used 186880K [0x0000000081c00000, 0x0000000100000000)
  region size 1024K, 29 young (29696K), 5 survivors (5120K)
 Metaspace       used 8049K, committed 8256K, reserved 1114112K
  class space    used 820K, committed 896K, reserved 1048576K
}
Event: 2.777 GC heap after
{Heap after GC invocations=10 (full 0):
 garbage-first heap   total 301056K, used 169984K [0x0000000081c00000, 0x0000000100000000)
  region size 1024K, 4 young (4096K), 4 survivors (4096K)
 Metaspace       used 8049K, committed 8256K, reserved 1114112K
  class space    used 820K, committed 896K, reserved 1048576K
}
Event: 3.087 GC heap before
{Heap before GC invocations=11 (full 0):
 garbage-first heap   total 301056K, used 202752K [0x0000000081c00000, 0x0000000100000000)
  region size 1024K, 36 young (36864K), 4 survivors (4096K)
 Metaspace       used 8049K, committed 8256K, reserved 1114112K
  class space    used 820K, committed 896K, reserved 1048576K
}
Event: 3.114 GC heap after
{Heap after GC invocations=12 (full 0):
 garbage-first heap   total 301056K, used 179828K [0x0000000081c00000, 0x0000000100000000)
  region size 1024K, 5 young (5120K), 5 survivors (5120K)
 Metaspace       used 8049K, committed 8256K, reserved 1114112K
  class space    used 820K, committed 896K, reserved 1048576K
}
Event: 3.158 GC heap before
{Heap before GC invocations=12 (full 0):
 garbage-first heap   total 301056K, used 189044K [0x0000000081c00000, 0x0000000100000000)
  region size 1024K, 14 young (14336K), 5 survivors (5120K)
 Metaspace       used 8049K, committed 8256K, reserved 1114112K
  class space    used 820K, committed 896K, reserved 1048576K
}
Event: 3.171 GC heap after
{Heap after GC invocations=13 (full 0):
 garbage-first heap   total 301056K, used 179944K [0x0000000081c00000, 0x0000000100000000)
  region size 1024K, 2 young (2048K), 2 survivors (2048K)
 Metaspace       used 8049K, committed 8256K, reserved 1114112K
  class space    used 820K, committed 896K, reserved 1048576K
}
Event: 3.729 GC heap before
{Heap before GC invocations=13 (full 0):
 garbage-first heap   total 301056K, used 212712K [0x0000000081c00000, 0x0000000100000000)
  region size 1024K, 34 young (34816K), 2 survivors (2048K)
 Metaspace       used 8505K, committed 8640K, reserved 1114112K
  class space    used 881K, committed 960K, reserved 1048576K
}
Event: 3.750 GC heap after
{Heap after GC invocations=14 (full 0):
 garbage-first heap   total 871424K, used 188617K [0x0000000081c00000, 0x0000000100000000)
  region size 1024K, 5 young (5120K), 5 survivors (5120K)
 Metaspace       used 8505K, committed 8640K, reserved 1114112K
  class space    used 881K, committed 960K, reserved 1048576K
}

